Started GET "/" for 127.0.0.1 at 2017-06-27 15:13:04 +0200
  
ActiveRecord::PendingMigrationError (

Migrations are pending. To resolve this issue, run:

        bin/rails db:migrate RAILS_ENV=development

):
  
activerecord (5.0.3) lib/active_record/migration.rb:573:in `check_pending!'
activerecord (5.0.3) lib/active_record/migration.rb:549:in `call'
actionpack (5.0.3) lib/action_dispatch/middleware/callbacks.rb:38:in `block in call'
activesupport (5.0.3) lib/active_support/callbacks.rb:97:in `__run_callbacks__'
activesupport (5.0.3) lib/active_support/callbacks.rb:750:in `_run_call_callbacks'
activesupport (5.0.3) lib/active_support/callbacks.rb:90:in `run_callbacks'
actionpack (5.0.3) lib/action_dispatch/middleware/callbacks.rb:36:in `call'
actionpack (5.0.3) lib/action_dispatch/middleware/executor.rb:12:in `call'
actionpack (5.0.3) lib/action_dispatch/middleware/remote_ip.rb:79:in `call'
actionpack (5.0.3) lib/action_dispatch/middleware/debug_exceptions.rb:49:in `call'
web-console (3.5.1) lib/web_console/middleware.rb:135:in `call_app'
web-console (3.5.1) lib/web_console/middleware.rb:28:in `block in call'
web-console (3.5.1) lib/web_console/middleware.rb:18:in `catch'
web-console (3.5.1) lib/web_console/middleware.rb:18:in `call'
actionpack (5.0.3) lib/action_dispatch/middleware/show_exceptions.rb:31:in `call'
railties (5.0.3) lib/rails/rack/logger.rb:36:in `call_app'
railties (5.0.3) lib/rails/rack/logger.rb:24:in `block in call'
activesupport (5.0.3) lib/active_support/tagged_logging.rb:69:in `block in tagged'
activesupport (5.0.3) lib/active_support/tagged_logging.rb:26:in `tagged'
activesupport (5.0.3) lib/active_support/tagged_logging.rb:69:in `tagged'
railties (5.0.3) lib/rails/rack/logger.rb:24:in `call'
sprockets-rails (3.2.0) lib/sprockets/rails/quiet_assets.rb:13:in `call'
actionpack (5.0.3) lib/action_dispatch/middleware/request_id.rb:24:in `call'
rack (2.0.3) lib/rack/method_override.rb:22:in `call'
rack (2.0.3) lib/rack/runtime.rb:22:in `call'
activesupport (5.0.3) lib/active_support/cache/strategy/local_cache_middleware.rb:28:in `call'
actionpack (5.0.3) lib/action_dispatch/middleware/executor.rb:12:in `call'
actionpack (5.0.3) lib/action_dispatch/middleware/static.rb:136:in `call'
rack (2.0.3) lib/rack/sendfile.rb:111:in `call'
railties (5.0.3) lib/rails/engine.rb:522:in `call'
puma (3.9.1) lib/puma/configuration.rb:224:in `call'
puma (3.9.1) lib/puma/server.rb:602:in `handle_request'
puma (3.9.1) lib/puma/server.rb:435:in `process_client'
puma (3.9.1) lib/puma/server.rb:299:in `block in run'
puma (3.9.1) lib/puma/thread_pool.rb:120:in `block in spawn_thread'
  Rendering /home/danira/.rbenv/versions/2.4.0/lib/ruby/gems/2.4.0/gems/actionpack-5.0.3/lib/action_dispatch/middleware/templates/rescues/diagnostics.html.erb within rescues/layout
  Rendering /home/danira/.rbenv/versions/2.4.0/lib/ruby/gems/2.4.0/gems/actionpack-5.0.3/lib/action_dispatch/middleware/templates/rescues/_source.html.erb
  Rendered /home/danira/.rbenv/versions/2.4.0/lib/ruby/gems/2.4.0/gems/actionpack-5.0.3/lib/action_dispatch/middleware/templates/rescues/_source.html.erb (1.5ms)
  Rendering /home/danira/.rbenv/versions/2.4.0/lib/ruby/gems/2.4.0/gems/actionpack-5.0.3/lib/action_dispatch/middleware/templates/rescues/_trace.html.erb
  Rendered /home/danira/.rbenv/versions/2.4.0/lib/ruby/gems/2.4.0/gems/actionpack-5.0.3/lib/action_dispatch/middleware/templates/rescues/_trace.html.erb (0.9ms)
  Rendering /home/danira/.rbenv/versions/2.4.0/lib/ruby/gems/2.4.0/gems/actionpack-5.0.3/lib/action_dispatch/middleware/templates/rescues/_request_and_response.html.erb
  Rendered /home/danira/.rbenv/versions/2.4.0/lib/ruby/gems/2.4.0/gems/actionpack-5.0.3/lib/action_dispatch/middleware/templates/rescues/_request_and_response.html.erb (0.6ms)
  Rendered /home/danira/.rbenv/versions/2.4.0/lib/ruby/gems/2.4.0/gems/actionpack-5.0.3/lib/action_dispatch/middleware/templates/rescues/diagnostics.html.erb within rescues/layout (31.5ms)
  [1m[35m (95.5ms)[0m  [1m[35mCREATE TABLE "schema_migrations" ("version" varchar NOT NULL PRIMARY KEY)[0m
  [1m[35m (84.7ms)[0m  [1m[35mCREATE TABLE "ar_internal_metadata" ("key" varchar NOT NULL PRIMARY KEY, "value" varchar, "created_at" datetime NOT NULL, "updated_at" datetime NOT NULL)[0m
  [1m[36mActiveRecord::SchemaMigration Load (0.1ms)[0m  [1m[34mSELECT "schema_migrations".* FROM "schema_migrations"[0m
Migrating to CreateProducts (20170615172241)
  [1m[35m (0.1ms)[0m  [1m[36mbegin transaction[0m
  [1m[35m (0.7ms)[0m  [1m[35mCREATE TABLE "products" ("id" INTEGER PRIMARY KEY AUTOINCREMENT NOT NULL, "name" varchar, "price" decimal, "created_at" datetime NOT NULL, "updated_at" datetime NOT NULL)[0m
  [1m[35mSQL (0.1ms)[0m  [1m[32mINSERT INTO "schema_migrations" ("version") VALUES (?)[0m  [["version", "20170615172241"]]
  [1m[35m (109.1ms)[0m  [1m[36mcommit transaction[0m
Migrating to AddDescriptionColumnToProducts (20170615172926)
  [1m[35m (0.1ms)[0m  [1m[36mbegin transaction[0m
  [1m[35m (0.2ms)[0m  [1m[35mALTER TABLE "products" ADD "description" text[0m
  [1m[35mSQL (0.1ms)[0m  [1m[32mINSERT INTO "schema_migrations" ("version") VALUES (?)[0m  [["version", "20170615172926"]]
  [1m[35m (54.2ms)[0m  [1m[36mcommit transaction[0m
Migrating to AddTestColumnToProducts (20170615173436)
  [1m[35m (0.1ms)[0m  [1m[36mbegin transaction[0m
  [1m[35m (0.3ms)[0m  [1m[35mALTER TABLE "products" ADD "test" integer[0m
  [1m[35mSQL (0.1ms)[0m  [1m[32mINSERT INTO "schema_migrations" ("version") VALUES (?)[0m  [["version", "20170615173436"]]
  [1m[35m (52.9ms)[0m  [1m[36mcommit transaction[0m
Migrating to AddAboutColumnToProducts (20170615173824)
  [1m[35m (0.1ms)[0m  [1m[36mbegin transaction[0m
  [1m[35m (0.3ms)[0m  [1m[35mALTER TABLE "products" ADD "about" integer[0m
  [1m[35mSQL (0.1ms)[0m  [1m[32mINSERT INTO "schema_migrations" ("version") VALUES (?)[0m  [["version", "20170615173824"]]
  [1m[35m (51.8ms)[0m  [1m[36mcommit transaction[0m
Migrating to RemoveColumnTestFromProducts (20170615180041)
  [1m[35m (0.1ms)[0m  [1m[36mbegin transaction[0m
  [1m[35m (0.3ms)[0m  [1m[35mCREATE TEMPORARY TABLE "aproducts" ("id" INTEGER PRIMARY KEY AUTOINCREMENT NOT NULL, "name" varchar, "price" decimal, "created_at" datetime NOT NULL, "updated_at" datetime NOT NULL, "description" text, "test" integer, "about" integer)[0m
  [1m[35m (0.1ms)[0m  [1m[32mINSERT INTO "aproducts" ("id","name","price","created_at","updated_at","description","test","about")
                     SELECT "id","name","price","created_at","updated_at","description","test","about" FROM "products"[0m
  [1m[35m (0.1ms)[0m  [1m[35mDROP TABLE "products"[0m
  [1m[35m (0.2ms)[0m  [1m[35mCREATE TABLE "products" ("id" INTEGER PRIMARY KEY AUTOINCREMENT NOT NULL, "name" varchar, "price" decimal, "created_at" datetime NOT NULL, "updated_at" datetime NOT NULL, "description" text, "about" integer)[0m
  [1m[35m (0.2ms)[0m  [1m[32mINSERT INTO "products" ("id","name","price","created_at","updated_at","description","about")
                     SELECT "id","name","price","created_at","updated_at","description","about" FROM "aproducts"[0m
  [1m[35m (0.1ms)[0m  [1m[35mDROP TABLE "aproducts"[0m
  [1m[35mSQL (0.1ms)[0m  [1m[32mINSERT INTO "schema_migrations" ("version") VALUES (?)[0m  [["version", "20170615180041"]]
  [1m[35m (60.3ms)[0m  [1m[36mcommit transaction[0m
Migrating to ChangeAboutFromIntegerToString (20170615181021)
  [1m[35m (0.1ms)[0m  [1m[36mbegin transaction[0m
  [1m[35m (0.2ms)[0m  [1m[35mCREATE TEMPORARY TABLE "aproducts" ("id" INTEGER PRIMARY KEY AUTOINCREMENT NOT NULL, "name" varchar, "price" decimal, "created_at" datetime NOT NULL, "updated_at" datetime NOT NULL, "description" text, "about" integer)[0m
  [1m[35m (0.1ms)[0m  [1m[32mINSERT INTO "aproducts" ("id","name","price","created_at","updated_at","description","about")
                     SELECT "id","name","price","created_at","updated_at","description","about" FROM "products"[0m
  [1m[35m (0.2ms)[0m  [1m[35mDROP TABLE "products"[0m
  [1m[35m (0.2ms)[0m  [1m[35mCREATE TABLE "products" ("id" INTEGER PRIMARY KEY AUTOINCREMENT NOT NULL, "name" varchar, "price" decimal, "created_at" datetime NOT NULL, "updated_at" datetime NOT NULL, "description" text, "about" varchar)[0m
  [1m[35m (0.3ms)[0m  [1m[32mINSERT INTO "products" ("id","name","price","created_at","updated_at","description","about")
                     SELECT "id","name","price","created_at","updated_at","description","about" FROM "aproducts"[0m
  [1m[35m (0.1ms)[0m  [1m[35mDROP TABLE "aproducts"[0m
  [1m[35mSQL (0.1ms)[0m  [1m[32mINSERT INTO "schema_migrations" ("version") VALUES (?)[0m  [["version", "20170615181021"]]
  [1m[35m (58.7ms)[0m  [1m[36mcommit transaction[0m
Migrating to ChangeAboutFromStringToInteger (20170615181429)
  [1m[35m (0.1ms)[0m  [1m[36mbegin transaction[0m
  [1m[35m (0.2ms)[0m  [1m[35mCREATE TEMPORARY TABLE "aproducts" ("id" INTEGER PRIMARY KEY AUTOINCREMENT NOT NULL, "name" varchar, "price" decimal, "created_at" datetime NOT NULL, "updated_at" datetime NOT NULL, "description" text, "about" varchar)[0m
  [1m[35m (0.1ms)[0m  [1m[32mINSERT INTO "aproducts" ("id","name","price","created_at","updated_at","description","about")
                     SELECT "id","name","price","created_at","updated_at","description","about" FROM "products"[0m
  [1m[35m (0.2ms)[0m  [1m[35mDROP TABLE "products"[0m
  [1m[35m (0.1ms)[0m  [1m[35mCREATE TABLE "products" ("id" INTEGER PRIMARY KEY AUTOINCREMENT NOT NULL, "name" varchar, "price" decimal, "created_at" datetime NOT NULL, "updated_at" datetime NOT NULL, "description" text, "about" integer)[0m
  [1m[35m (0.1ms)[0m  [1m[32mINSERT INTO "products" ("id","name","price","created_at","updated_at","description","about")
                     SELECT "id","name","price","created_at","updated_at","description","about" FROM "aproducts"[0m
  [1m[35m (0.1ms)[0m  [1m[35mDROP TABLE "aproducts"[0m
  [1m[35mSQL (0.1ms)[0m  [1m[32mINSERT INTO "schema_migrations" ("version") VALUES (?)[0m  [["version", "20170615181429"]]
  [1m[35m (72.3ms)[0m  [1m[36mcommit transaction[0m
Migrating to ChangeAboutFromIntegerToText (20170615181934)
  [1m[35m (0.1ms)[0m  [1m[36mbegin transaction[0m
  [1m[35m (0.2ms)[0m  [1m[35mCREATE TEMPORARY TABLE "aproducts" ("id" INTEGER PRIMARY KEY AUTOINCREMENT NOT NULL, "name" varchar, "price" decimal, "created_at" datetime NOT NULL, "updated_at" datetime NOT NULL, "description" text, "about" integer)[0m
  [1m[35m (0.1ms)[0m  [1m[32mINSERT INTO "aproducts" ("id","name","price","created_at","updated_at","description","about")
                     SELECT "id","name","price","created_at","updated_at","description","about" FROM "products"[0m
  [1m[35m (0.1ms)[0m  [1m[35mDROP TABLE "products"[0m
  [1m[35m (0.1ms)[0m  [1m[35mCREATE TABLE "products" ("id" INTEGER PRIMARY KEY AUTOINCREMENT NOT NULL, "name" varchar, "price" decimal, "created_at" datetime NOT NULL, "updated_at" datetime NOT NULL, "description" text, "about" text)[0m
  [1m[35m (0.1ms)[0m  [1m[32mINSERT INTO "products" ("id","name","price","created_at","updated_at","description","about")
                     SELECT "id","name","price","created_at","updated_at","description","about" FROM "aproducts"[0m
  [1m[35m (0.1ms)[0m  [1m[35mDROP TABLE "aproducts"[0m
  [1m[35mSQL (0.1ms)[0m  [1m[32mINSERT INTO "schema_migrations" ("version") VALUES (?)[0m  [["version", "20170615181934"]]
  [1m[35m (62.9ms)[0m  [1m[36mcommit transaction[0m
Migrating to CreateSellers (20170619164752)
  [1m[35m (0.1ms)[0m  [1m[36mbegin transaction[0m
  [1m[35m (0.2ms)[0m  [1m[35mCREATE TABLE "sellers" ("id" INTEGER PRIMARY KEY AUTOINCREMENT NOT NULL, "name" varchar NOT NULL, "rating" integer, "created_at" datetime NOT NULL, "updated_at" datetime NOT NULL)[0m
  [1m[35mSQL (0.1ms)[0m  [1m[32mINSERT INTO "schema_migrations" ("version") VALUES (?)[0m  [["version", "20170619164752"]]
  [1m[35m (74.7ms)[0m  [1m[36mcommit transaction[0m
Migrating to AddSellerReferenceToProduct (20170619181604)
  [1m[35m (0.1ms)[0m  [1m[36mbegin transaction[0m
  [1m[35m (0.2ms)[0m  [1m[35mALTER TABLE "products" ADD "seller_id" integer[0m
  [1m[35m (0.1ms)[0m  [1m[34mselect sqlite_version(*)[0m
  [1m[35m (0.1ms)[0m  [1m[35mCREATE  INDEX "index_products_on_seller_id" ON "products" ("seller_id")[0m
  [1m[35mSQL (0.1ms)[0m  [1m[32mINSERT INTO "schema_migrations" ("version") VALUES (?)[0m  [["version", "20170619181604"]]
  [1m[35m (75.7ms)[0m  [1m[36mcommit transaction[0m
  [1m[36mActiveRecord::InternalMetadata Load (0.1ms)[0m  [1m[34mSELECT  "ar_internal_metadata".* FROM "ar_internal_metadata" WHERE "ar_internal_metadata"."key" = ? LIMIT ?[0m  [["key", "environment"], ["LIMIT", 1]]
  [1m[35m (0.0ms)[0m  [1m[36mbegin transaction[0m
  [1m[35mSQL (0.1ms)[0m  [1m[32mINSERT INTO "ar_internal_metadata" ("key", "value", "created_at", "updated_at") VALUES (?, ?, ?, ?)[0m  [["key", "environment"], ["value", "development"], ["created_at", "2017-06-27 13:13:25.538887"], ["updated_at", "2017-06-27 13:13:25.538887"]]
  [1m[35m (68.4ms)[0m  [1m[36mcommit transaction[0m
  [1m[36mActiveRecord::SchemaMigration Load (0.1ms)[0m  [1m[34mSELECT "schema_migrations".* FROM "schema_migrations"[0m
  [1m[35m (0.1ms)[0m  [1m[34m            SELECT sql
            FROM sqlite_master
            WHERE name='index_products_on_seller_id' AND type='index'
            UNION ALL
            SELECT sql
            FROM sqlite_temp_master
            WHERE name='index_products_on_seller_id' AND type='index'
[0m
Started GET "/" for 127.0.0.1 at 2017-06-27 15:13:37 +0200
  [1m[36mActiveRecord::SchemaMigration Load (0.2ms)[0m  [1m[34mSELECT "schema_migrations".* FROM "schema_migrations"[0m
Processing by HomeController#index as HTML
  Rendering home/index.html.erb within layouts/application
  Rendered home/index.html.erb within layouts/application (0.8ms)
Completed 200 OK in 379ms (Views: 353.9ms | ActiveRecord: 0.0ms)


Started GET "/" for 127.0.0.1 at 2017-06-27 15:13:59 +0200
  [1m[36mActiveRecord::SchemaMigration Load (0.1ms)[0m  [1m[34mSELECT "schema_migrations".* FROM "schema_migrations"[0m
Processing by HomeController#index as HTML
  Rendering home/index.html.erb within layouts/application
  Rendered home/index.html.erb within layouts/application (1.4ms)
Completed 200 OK in 157ms (Views: 149.1ms | ActiveRecord: 0.0ms)


Started GET "/" for 127.0.0.1 at 2017-06-27 15:14:03 +0200
Processing by HomeController#index as HTML
  Rendering home/index.html.erb within layouts/application
  Rendered home/index.html.erb within layouts/application (0.4ms)
Completed 200 OK in 13ms (Views: 12.6ms | ActiveRecord: 0.0ms)


Started GET "/" for 127.0.0.1 at 2017-06-27 15:14:04 +0200
Processing by HomeController#index as HTML
  Rendering home/index.html.erb within layouts/application
  Rendered home/index.html.erb within layouts/application (0.4ms)
Completed 200 OK in 12ms (Views: 11.8ms | ActiveRecord: 0.0ms)


Started GET "/" for 127.0.0.1 at 2017-06-27 15:15:02 +0200
Processing by HomeController#index as HTML
  Rendering home/index.html.erb within layouts/application
  Rendered home/index.html.erb within layouts/application (0.3ms)
Completed 200 OK in 10ms (Views: 9.3ms | ActiveRecord: 0.0ms)


Started GET "/" for 127.0.0.1 at 2017-06-27 15:27:58 +0200
  [1m[36mActiveRecord::SchemaMigration Load (0.1ms)[0m  [1m[34mSELECT "schema_migrations".* FROM "schema_migrations"[0m
Processing by HomeController#index as HTML
  Rendering home/index.html.erb within layouts/application
  Rendered home/index.html.erb within layouts/application (1.4ms)
Completed 200 OK in 144ms (Views: 136.3ms | ActiveRecord: 0.0ms)


Started GET "/" for 127.0.0.1 at 2017-06-27 15:29:30 +0200
Processing by HomeController#index as HTML
  Rendering home/index.html.erb within layouts/application
  Rendered home/index.html.erb within layouts/application (0.5ms)
Completed 500 Internal Server Error in 14ms (ActiveRecord: 0.0ms)


  
ActionView::Template::Error (Missing partial shared/_header with {:locale=>[:en], :formats=>[:html], :variants=>[], :handlers=>[:raw, :erb, :html, :builder, :ruby, :coffee, :jbuilder]}. Searched in:
  * "/home/danira/code/ror3-demo/app/views"
):
    13:   </head>
    14: 
    15:   <body>
    16:     <%= render 'shared/header' %>
    17:     <%= yield %>
    18:   </body>
    19: </html>
  
app/views/layouts/application.html.erb:16:in `_app_views_layouts_application_html_erb__883919822300279451_69873413721160'
  Rendering /home/danira/.rbenv/versions/2.4.0/lib/ruby/gems/2.4.0/gems/actionpack-5.0.3/lib/action_dispatch/middleware/templates/rescues/template_error.html.erb within rescues/layout
  Rendering /home/danira/.rbenv/versions/2.4.0/lib/ruby/gems/2.4.0/gems/actionpack-5.0.3/lib/action_dispatch/middleware/templates/rescues/_source.html.erb
  Rendered /home/danira/.rbenv/versions/2.4.0/lib/ruby/gems/2.4.0/gems/actionpack-5.0.3/lib/action_dispatch/middleware/templates/rescues/_source.html.erb (9.6ms)
  Rendering /home/danira/.rbenv/versions/2.4.0/lib/ruby/gems/2.4.0/gems/actionpack-5.0.3/lib/action_dispatch/middleware/templates/rescues/_trace.html.erb
  Rendered /home/danira/.rbenv/versions/2.4.0/lib/ruby/gems/2.4.0/gems/actionpack-5.0.3/lib/action_dispatch/middleware/templates/rescues/_trace.html.erb (2.9ms)
  Rendering /home/danira/.rbenv/versions/2.4.0/lib/ruby/gems/2.4.0/gems/actionpack-5.0.3/lib/action_dispatch/middleware/templates/rescues/_request_and_response.html.erb
  Rendered /home/danira/.rbenv/versions/2.4.0/lib/ruby/gems/2.4.0/gems/actionpack-5.0.3/lib/action_dispatch/middleware/templates/rescues/_request_and_response.html.erb (1.4ms)
  Rendered /home/danira/.rbenv/versions/2.4.0/lib/ruby/gems/2.4.0/gems/actionpack-5.0.3/lib/action_dispatch/middleware/templates/rescues/template_error.html.erb within rescues/layout (29.5ms)
Started GET "/" for 127.0.0.1 at 2017-06-27 15:31:09 +0200
Processing by HomeController#index as HTML
  Rendering home/index.html.erb within layouts/application
  Rendered home/index.html.erb within layouts/application (0.4ms)
Completed 500 Internal Server Error in 12ms (ActiveRecord: 0.0ms)


  
ActionView::Template::Error (Missing partial shared/_header with {:locale=>[:en], :formats=>[:html], :variants=>[], :handlers=>[:raw, :erb, :html, :builder, :ruby, :coffee, :jbuilder]}. Searched in:
  * "/home/danira/code/ror3-demo/app/views"
):
    13:   </head>
    14: 
    15:   <body>
    16:     <%= render 'shared/header' %>
    17:     <%= yield %>
    18:   </body>
    19: </html>
  
app/views/layouts/application.html.erb:16:in `_app_views_layouts_application_html_erb__883919822300279451_69873413963780'
  Rendering /home/danira/.rbenv/versions/2.4.0/lib/ruby/gems/2.4.0/gems/actionpack-5.0.3/lib/action_dispatch/middleware/templates/rescues/template_error.html.erb within rescues/layout
  Rendering /home/danira/.rbenv/versions/2.4.0/lib/ruby/gems/2.4.0/gems/actionpack-5.0.3/lib/action_dispatch/middleware/templates/rescues/_source.html.erb
  Rendered /home/danira/.rbenv/versions/2.4.0/lib/ruby/gems/2.4.0/gems/actionpack-5.0.3/lib/action_dispatch/middleware/templates/rescues/_source.html.erb (3.7ms)
  Rendering /home/danira/.rbenv/versions/2.4.0/lib/ruby/gems/2.4.0/gems/actionpack-5.0.3/lib/action_dispatch/middleware/templates/rescues/_trace.html.erb
  Rendered /home/danira/.rbenv/versions/2.4.0/lib/ruby/gems/2.4.0/gems/actionpack-5.0.3/lib/action_dispatch/middleware/templates/rescues/_trace.html.erb (2.7ms)
  Rendering /home/danira/.rbenv/versions/2.4.0/lib/ruby/gems/2.4.0/gems/actionpack-5.0.3/lib/action_dispatch/middleware/templates/rescues/_request_and_response.html.erb
  Rendered /home/danira/.rbenv/versions/2.4.0/lib/ruby/gems/2.4.0/gems/actionpack-5.0.3/lib/action_dispatch/middleware/templates/rescues/_request_and_response.html.erb (0.5ms)
  Rendered /home/danira/.rbenv/versions/2.4.0/lib/ruby/gems/2.4.0/gems/actionpack-5.0.3/lib/action_dispatch/middleware/templates/rescues/template_error.html.erb within rescues/layout (21.5ms)
Started GET "/" for 127.0.0.1 at 2017-06-27 15:34:22 +0200
Processing by HomeController#index as HTML
  Rendering home/index.html.erb within layouts/application
  Rendered home/index.html.erb within layouts/application (0.3ms)
Completed 500 Internal Server Error in 11ms (ActiveRecord: 0.0ms)


  
ActionView::Template::Error (Missing partial shared/_header with {:locale=>[:en], :formats=>[:html], :variants=>[], :handlers=>[:raw, :erb, :html, :builder, :ruby, :coffee, :jbuilder]}. Searched in:
  * "/home/danira/code/ror3-demo/app/views"
):
    13:   </head>
    14: 
    15:   <body>
    16:     <%= render 'shared/header' %>
    17:     <%= yield %>
    18:   </body>
    19: </html>
  
app/views/layouts/application.html.erb:16:in `_app_views_layouts_application_html_erb__883919822300279451_69873253094580'
  Rendering /home/danira/.rbenv/versions/2.4.0/lib/ruby/gems/2.4.0/gems/actionpack-5.0.3/lib/action_dispatch/middleware/templates/rescues/template_error.html.erb within rescues/layout
  Rendering /home/danira/.rbenv/versions/2.4.0/lib/ruby/gems/2.4.0/gems/actionpack-5.0.3/lib/action_dispatch/middleware/templates/rescues/_source.html.erb
  Rendered /home/danira/.rbenv/versions/2.4.0/lib/ruby/gems/2.4.0/gems/actionpack-5.0.3/lib/action_dispatch/middleware/templates/rescues/_source.html.erb (3.8ms)
  Rendering /home/danira/.rbenv/versions/2.4.0/lib/ruby/gems/2.4.0/gems/actionpack-5.0.3/lib/action_dispatch/middleware/templates/rescues/_trace.html.erb
  Rendered /home/danira/.rbenv/versions/2.4.0/lib/ruby/gems/2.4.0/gems/actionpack-5.0.3/lib/action_dispatch/middleware/templates/rescues/_trace.html.erb (2.5ms)
  Rendering /home/danira/.rbenv/versions/2.4.0/lib/ruby/gems/2.4.0/gems/actionpack-5.0.3/lib/action_dispatch/middleware/templates/rescues/_request_and_response.html.erb
  Rendered /home/danira/.rbenv/versions/2.4.0/lib/ruby/gems/2.4.0/gems/actionpack-5.0.3/lib/action_dispatch/middleware/templates/rescues/_request_and_response.html.erb (0.5ms)
  Rendered /home/danira/.rbenv/versions/2.4.0/lib/ruby/gems/2.4.0/gems/actionpack-5.0.3/lib/action_dispatch/middleware/templates/rescues/template_error.html.erb within rescues/layout (21.1ms)
Started GET "/" for 127.0.0.1 at 2017-06-27 15:36:13 +0200
Processing by HomeController#index as HTML
  Rendering home/index.html.erb within layouts/application
  Rendered home/index.html.erb within layouts/application (0.3ms)
Completed 500 Internal Server Error in 13ms (ActiveRecord: 0.0ms)


  
ActionView::Template::Error (Missing partial shared/_header with {:locale=>[:en], :formats=>[:html], :variants=>[], :handlers=>[:raw, :erb, :html, :builder, :ruby, :coffee, :jbuilder]}. Searched in:
  * "/home/danira/code/ror3-demo/app/views"
):
    13:   </head>
    14: 
    15:   <body>
    16:     <%= render 'shared/header' %>
    17:     <%= yield %>
    18:   </body>
    19: </html>
  
app/views/layouts/application.html.erb:16:in `_app_views_layouts_application_html_erb__883919822300279451_69873414015140'
  Rendering /home/danira/.rbenv/versions/2.4.0/lib/ruby/gems/2.4.0/gems/actionpack-5.0.3/lib/action_dispatch/middleware/templates/rescues/template_error.html.erb within rescues/layout
  Rendering /home/danira/.rbenv/versions/2.4.0/lib/ruby/gems/2.4.0/gems/actionpack-5.0.3/lib/action_dispatch/middleware/templates/rescues/_source.html.erb
  Rendered /home/danira/.rbenv/versions/2.4.0/lib/ruby/gems/2.4.0/gems/actionpack-5.0.3/lib/action_dispatch/middleware/templates/rescues/_source.html.erb (4.4ms)
  Rendering /home/danira/.rbenv/versions/2.4.0/lib/ruby/gems/2.4.0/gems/actionpack-5.0.3/lib/action_dispatch/middleware/templates/rescues/_trace.html.erb
  Rendered /home/danira/.rbenv/versions/2.4.0/lib/ruby/gems/2.4.0/gems/actionpack-5.0.3/lib/action_dispatch/middleware/templates/rescues/_trace.html.erb (1.7ms)
  Rendering /home/danira/.rbenv/versions/2.4.0/lib/ruby/gems/2.4.0/gems/actionpack-5.0.3/lib/action_dispatch/middleware/templates/rescues/_request_and_response.html.erb
  Rendered /home/danira/.rbenv/versions/2.4.0/lib/ruby/gems/2.4.0/gems/actionpack-5.0.3/lib/action_dispatch/middleware/templates/rescues/_request_and_response.html.erb (0.6ms)
  Rendered /home/danira/.rbenv/versions/2.4.0/lib/ruby/gems/2.4.0/gems/actionpack-5.0.3/lib/action_dispatch/middleware/templates/rescues/template_error.html.erb within rescues/layout (21.4ms)
Started GET "/" for 127.0.0.1 at 2017-06-27 15:44:47 +0200
Processing by HomeController#index as HTML
  Rendering home/index.html.erb within layouts/application
  Rendered home/index.html.erb within layouts/application (0.3ms)
  Rendered shared/_header.html.erb (0.4ms)
Completed 200 OK in 13ms (Views: 11.8ms | ActiveRecord: 0.0ms)


Started GET "/" for 127.0.0.1 at 2017-06-27 15:45:39 +0200
Processing by HomeController#index as HTML
  Rendering home/index.html.erb within layouts/application
  Rendered home/index.html.erb within layouts/application (0.5ms)
  Rendered shared/_header.html.erb (0.2ms)
Completed 200 OK in 13ms (Views: 12.0ms | ActiveRecord: 0.0ms)


Started GET "/" for 127.0.0.1 at 2017-06-27 15:47:43 +0200
Processing by HomeController#index as HTML
  Rendering home/index.html.erb within layouts/application
  Rendered home/index.html.erb within layouts/application (0.3ms)
  Rendered shared/_header.html.erb (0.3ms)
Completed 200 OK in 18ms (Views: 16.8ms | ActiveRecord: 0.0ms)


Started GET "/" for 127.0.0.1 at 2017-06-27 15:48:34 +0200
Processing by HomeController#index as HTML
  Rendering home/index.html.erb within layouts/application
  Rendered home/index.html.erb within layouts/application (0.3ms)
  Rendered shared/_header.html.erb (0.2ms)
Completed 200 OK in 10ms (Views: 9.2ms | ActiveRecord: 0.0ms)


Started GET "/" for 127.0.0.1 at 2017-06-27 15:53:30 +0200
Processing by HomeController#index as HTML
  Rendering home/index.html.erb within layouts/application
  Rendered home/index.html.erb within layouts/application (0.4ms)
  Rendered shared/_header.html.erb (0.3ms)
Completed 200 OK in 13ms (Views: 12.5ms | ActiveRecord: 0.0ms)


Started GET "/" for 127.0.0.1 at 2017-06-27 15:54:27 +0200
Processing by HomeController#index as HTML
  Rendering home/index.html.erb within layouts/application
  Rendered home/index.html.erb within layouts/application (0.3ms)
  Rendered shared/_header.html.erb (0.2ms)
Completed 200 OK in 13ms (Views: 12.1ms | ActiveRecord: 0.0ms)


Started GET "/" for 127.0.0.1 at 2017-06-27 15:55:05 +0200
Processing by HomeController#index as HTML
  Rendering home/index.html.erb within layouts/application
  Rendered home/index.html.erb within layouts/application (0.4ms)
  Rendered shared/_header.html.erb (0.4ms)
Completed 200 OK in 15ms (Views: 13.8ms | ActiveRecord: 0.0ms)


Started GET "/" for 127.0.0.1 at 2017-06-27 15:55:22 +0200
Processing by HomeController#index as HTML
  Rendering home/index.html.erb within layouts/application
  Rendered home/index.html.erb within layouts/application (0.3ms)
  Rendered shared/_header.html.erb (0.3ms)
Completed 200 OK in 13ms (Views: 12.3ms | ActiveRecord: 0.0ms)


Started GET "/catalog" for 127.0.0.1 at 2017-06-27 15:55:25 +0200
  
ActionController::RoutingError (No route matches [GET] "/catalog"):
  
actionpack (5.0.3) lib/action_dispatch/middleware/debug_exceptions.rb:53:in `call'
web-console (3.5.1) lib/web_console/middleware.rb:135:in `call_app'
web-console (3.5.1) lib/web_console/middleware.rb:28:in `block in call'
web-console (3.5.1) lib/web_console/middleware.rb:18:in `catch'
web-console (3.5.1) lib/web_console/middleware.rb:18:in `call'
actionpack (5.0.3) lib/action_dispatch/middleware/show_exceptions.rb:31:in `call'
railties (5.0.3) lib/rails/rack/logger.rb:36:in `call_app'
railties (5.0.3) lib/rails/rack/logger.rb:24:in `block in call'
activesupport (5.0.3) lib/active_support/tagged_logging.rb:69:in `block in tagged'
activesupport (5.0.3) lib/active_support/tagged_logging.rb:26:in `tagged'
activesupport (5.0.3) lib/active_support/tagged_logging.rb:69:in `tagged'
railties (5.0.3) lib/rails/rack/logger.rb:24:in `call'
sprockets-rails (3.2.0) lib/sprockets/rails/quiet_assets.rb:13:in `call'
actionpack (5.0.3) lib/action_dispatch/middleware/request_id.rb:24:in `call'
rack (2.0.3) lib/rack/method_override.rb:22:in `call'
rack (2.0.3) lib/rack/runtime.rb:22:in `call'
activesupport (5.0.3) lib/active_support/cache/strategy/local_cache_middleware.rb:28:in `call'
actionpack (5.0.3) lib/action_dispatch/middleware/executor.rb:12:in `call'
actionpack (5.0.3) lib/action_dispatch/middleware/static.rb:136:in `call'
rack (2.0.3) lib/rack/sendfile.rb:111:in `call'
railties (5.0.3) lib/rails/engine.rb:522:in `call'
puma (3.9.1) lib/puma/configuration.rb:224:in `call'
puma (3.9.1) lib/puma/server.rb:602:in `handle_request'
puma (3.9.1) lib/puma/server.rb:435:in `process_client'
puma (3.9.1) lib/puma/server.rb:299:in `block in run'
puma (3.9.1) lib/puma/thread_pool.rb:120:in `block in spawn_thread'
  Rendering /home/danira/.rbenv/versions/2.4.0/lib/ruby/gems/2.4.0/gems/actionpack-5.0.3/lib/action_dispatch/middleware/templates/rescues/routing_error.html.erb within rescues/layout
  Rendering /home/danira/.rbenv/versions/2.4.0/lib/ruby/gems/2.4.0/gems/actionpack-5.0.3/lib/action_dispatch/middleware/templates/rescues/_trace.html.erb
  Rendered /home/danira/.rbenv/versions/2.4.0/lib/ruby/gems/2.4.0/gems/actionpack-5.0.3/lib/action_dispatch/middleware/templates/rescues/_trace.html.erb (1.6ms)
  Rendered collection of /home/danira/.rbenv/versions/2.4.0/lib/ruby/gems/2.4.0/gems/actionpack-5.0.3/lib/action_dispatch/middleware/templates/routes/_route.html.erb [3 times] (18.5ms)
  Rendered /home/danira/.rbenv/versions/2.4.0/lib/ruby/gems/2.4.0/gems/actionpack-5.0.3/lib/action_dispatch/middleware/templates/routes/_table.html.erb (27.2ms)
  Rendering /home/danira/.rbenv/versions/2.4.0/lib/ruby/gems/2.4.0/gems/actionpack-5.0.3/lib/action_dispatch/middleware/templates/rescues/_request_and_response.html.erb
  Rendered /home/danira/.rbenv/versions/2.4.0/lib/ruby/gems/2.4.0/gems/actionpack-5.0.3/lib/action_dispatch/middleware/templates/rescues/_request_and_response.html.erb (0.9ms)
  Rendered /home/danira/.rbenv/versions/2.4.0/lib/ruby/gems/2.4.0/gems/actionpack-5.0.3/lib/action_dispatch/middleware/templates/rescues/routing_error.html.erb within rescues/layout (75.3ms)
Started GET "/" for 127.0.0.1 at 2017-06-27 15:55:27 +0200
Processing by HomeController#index as HTML
  Rendering home/index.html.erb within layouts/application
  Rendered home/index.html.erb within layouts/application (0.3ms)
  Rendered shared/_header.html.erb (0.3ms)
Completed 200 OK in 16ms (Views: 14.9ms | ActiveRecord: 0.0ms)


Started GET "/" for 127.0.0.1 at 2017-06-27 15:55:30 +0200
Processing by HomeController#index as HTML
  Rendering home/index.html.erb within layouts/application
  Rendered home/index.html.erb within layouts/application (0.3ms)
  Rendered shared/_header.html.erb (0.3ms)
Completed 200 OK in 15ms (Views: 14.2ms | ActiveRecord: 0.0ms)


Started GET "/contact" for 127.0.0.1 at 2017-06-27 15:55:33 +0200
  
ActionController::RoutingError (No route matches [GET] "/contact"):
  
actionpack (5.0.3) lib/action_dispatch/middleware/debug_exceptions.rb:53:in `call'
web-console (3.5.1) lib/web_console/middleware.rb:135:in `call_app'
web-console (3.5.1) lib/web_console/middleware.rb:28:in `block in call'
web-console (3.5.1) lib/web_console/middleware.rb:18:in `catch'
web-console (3.5.1) lib/web_console/middleware.rb:18:in `call'
actionpack (5.0.3) lib/action_dispatch/middleware/show_exceptions.rb:31:in `call'
railties (5.0.3) lib/rails/rack/logger.rb:36:in `call_app'
railties (5.0.3) lib/rails/rack/logger.rb:24:in `block in call'
activesupport (5.0.3) lib/active_support/tagged_logging.rb:69:in `block in tagged'
activesupport (5.0.3) lib/active_support/tagged_logging.rb:26:in `tagged'
activesupport (5.0.3) lib/active_support/tagged_logging.rb:69:in `tagged'
railties (5.0.3) lib/rails/rack/logger.rb:24:in `call'
sprockets-rails (3.2.0) lib/sprockets/rails/quiet_assets.rb:13:in `call'
actionpack (5.0.3) lib/action_dispatch/middleware/request_id.rb:24:in `call'
rack (2.0.3) lib/rack/method_override.rb:22:in `call'
rack (2.0.3) lib/rack/runtime.rb:22:in `call'
activesupport (5.0.3) lib/active_support/cache/strategy/local_cache_middleware.rb:28:in `call'
actionpack (5.0.3) lib/action_dispatch/middleware/executor.rb:12:in `call'
actionpack (5.0.3) lib/action_dispatch/middleware/static.rb:136:in `call'
rack (2.0.3) lib/rack/sendfile.rb:111:in `call'
railties (5.0.3) lib/rails/engine.rb:522:in `call'
puma (3.9.1) lib/puma/configuration.rb:224:in `call'
puma (3.9.1) lib/puma/server.rb:602:in `handle_request'
puma (3.9.1) lib/puma/server.rb:435:in `process_client'
puma (3.9.1) lib/puma/server.rb:299:in `block in run'
puma (3.9.1) lib/puma/thread_pool.rb:120:in `block in spawn_thread'
  Rendering /home/danira/.rbenv/versions/2.4.0/lib/ruby/gems/2.4.0/gems/actionpack-5.0.3/lib/action_dispatch/middleware/templates/rescues/routing_error.html.erb within rescues/layout
  Rendering /home/danira/.rbenv/versions/2.4.0/lib/ruby/gems/2.4.0/gems/actionpack-5.0.3/lib/action_dispatch/middleware/templates/rescues/_trace.html.erb
  Rendered /home/danira/.rbenv/versions/2.4.0/lib/ruby/gems/2.4.0/gems/actionpack-5.0.3/lib/action_dispatch/middleware/templates/rescues/_trace.html.erb (0.9ms)
  Rendered collection of /home/danira/.rbenv/versions/2.4.0/lib/ruby/gems/2.4.0/gems/actionpack-5.0.3/lib/action_dispatch/middleware/templates/routes/_route.html.erb [3 times] (2.3ms)
  Rendered /home/danira/.rbenv/versions/2.4.0/lib/ruby/gems/2.4.0/gems/actionpack-5.0.3/lib/action_dispatch/middleware/templates/routes/_table.html.erb (0.9ms)
  Rendering /home/danira/.rbenv/versions/2.4.0/lib/ruby/gems/2.4.0/gems/actionpack-5.0.3/lib/action_dispatch/middleware/templates/rescues/_request_and_response.html.erb
  Rendered /home/danira/.rbenv/versions/2.4.0/lib/ruby/gems/2.4.0/gems/actionpack-5.0.3/lib/action_dispatch/middleware/templates/rescues/_request_and_response.html.erb (5.8ms)
  Rendered /home/danira/.rbenv/versions/2.4.0/lib/ruby/gems/2.4.0/gems/actionpack-5.0.3/lib/action_dispatch/middleware/templates/rescues/routing_error.html.erb within rescues/layout (28.0ms)
Started GET "/" for 127.0.0.1 at 2017-06-27 15:55:42 +0200
Processing by HomeController#index as HTML
  Rendering home/index.html.erb within layouts/application
  Rendered home/index.html.erb within layouts/application (0.8ms)
  Rendered shared/_header.html.erb (0.2ms)
Completed 200 OK in 16ms (Views: 14.8ms | ActiveRecord: 0.0ms)


Started GET "/" for 127.0.0.1 at 2017-06-27 15:56:31 +0200
Processing by HomeController#index as HTML
  Rendering home/index.html.erb within layouts/application
  Rendered home/index.html.erb within layouts/application (0.3ms)
  Rendered shared/_header.html.erb (0.3ms)
Completed 200 OK in 14ms (Views: 13.1ms | ActiveRecord: 0.0ms)


Started GET "/" for 127.0.0.1 at 2017-06-27 15:56:55 +0200
Processing by HomeController#index as HTML
  Rendering home/index.html.erb within layouts/application
  Rendered home/index.html.erb within layouts/application (0.4ms)
  Rendered shared/_header.html.erb (0.3ms)
Completed 200 OK in 11ms (Views: 10.6ms | ActiveRecord: 0.0ms)


Started GET "/" for 127.0.0.1 at 2017-06-27 15:57:25 +0200
Processing by HomeController#index as HTML
  Rendering home/index.html.erb within layouts/application
  Rendered home/index.html.erb within layouts/application (0.3ms)
  Rendered shared/_header.html.erb (0.3ms)
Completed 200 OK in 14ms (Views: 13.2ms | ActiveRecord: 0.0ms)


Started GET "/" for 127.0.0.1 at 2017-06-27 15:57:28 +0200
Processing by HomeController#index as HTML
  Rendering home/index.html.erb within layouts/application
  Rendered home/index.html.erb within layouts/application (0.4ms)
  Rendered shared/_header.html.erb (0.3ms)
Completed 200 OK in 19ms (Views: 18.3ms | ActiveRecord: 0.0ms)


Started GET "/" for 127.0.0.1 at 2017-06-27 15:57:29 +0200
Processing by HomeController#index as HTML
  Rendering home/index.html.erb within layouts/application
  Rendered home/index.html.erb within layouts/application (0.3ms)
  Rendered shared/_header.html.erb (0.6ms)
Completed 200 OK in 12ms (Views: 11.3ms | ActiveRecord: 0.0ms)


Started GET "/" for 127.0.0.1 at 2017-06-27 15:57:43 +0200
Processing by HomeController#index as HTML
  Rendering home/index.html.erb within layouts/application
  Rendered home/index.html.erb within layouts/application (0.4ms)
  Rendered shared/_header.html.erb (0.3ms)
Completed 200 OK in 12ms (Views: 11.4ms | ActiveRecord: 0.0ms)


Started GET "/" for 127.0.0.1 at 2017-06-27 15:57:53 +0200
Processing by HomeController#index as HTML
  Rendering home/index.html.erb within layouts/application
  Rendered home/index.html.erb within layouts/application (0.4ms)
  Rendered shared/_header.html.erb (0.2ms)
Completed 200 OK in 13ms (Views: 12.0ms | ActiveRecord: 0.0ms)


Started GET "/" for 127.0.0.1 at 2017-06-27 15:58:38 +0200
Processing by HomeController#index as HTML
  Rendering home/index.html.erb within layouts/application
  Rendered home/index.html.erb within layouts/application (0.4ms)
  Rendered shared/_header.html.erb (0.3ms)
Completed 200 OK in 15ms (Views: 14.3ms | ActiveRecord: 0.0ms)


Started GET "/catalog" for 127.0.0.1 at 2017-06-27 15:58:40 +0200
  
ActionController::RoutingError (No route matches [GET] "/catalog"):
  
actionpack (5.0.3) lib/action_dispatch/middleware/debug_exceptions.rb:53:in `call'
web-console (3.5.1) lib/web_console/middleware.rb:135:in `call_app'
web-console (3.5.1) lib/web_console/middleware.rb:28:in `block in call'
web-console (3.5.1) lib/web_console/middleware.rb:18:in `catch'
web-console (3.5.1) lib/web_console/middleware.rb:18:in `call'
actionpack (5.0.3) lib/action_dispatch/middleware/show_exceptions.rb:31:in `call'
railties (5.0.3) lib/rails/rack/logger.rb:36:in `call_app'
railties (5.0.3) lib/rails/rack/logger.rb:24:in `block in call'
activesupport (5.0.3) lib/active_support/tagged_logging.rb:69:in `block in tagged'
activesupport (5.0.3) lib/active_support/tagged_logging.rb:26:in `tagged'
activesupport (5.0.3) lib/active_support/tagged_logging.rb:69:in `tagged'
railties (5.0.3) lib/rails/rack/logger.rb:24:in `call'
sprockets-rails (3.2.0) lib/sprockets/rails/quiet_assets.rb:13:in `call'
actionpack (5.0.3) lib/action_dispatch/middleware/request_id.rb:24:in `call'
rack (2.0.3) lib/rack/method_override.rb:22:in `call'
rack (2.0.3) lib/rack/runtime.rb:22:in `call'
activesupport (5.0.3) lib/active_support/cache/strategy/local_cache_middleware.rb:28:in `call'
actionpack (5.0.3) lib/action_dispatch/middleware/executor.rb:12:in `call'
actionpack (5.0.3) lib/action_dispatch/middleware/static.rb:136:in `call'
rack (2.0.3) lib/rack/sendfile.rb:111:in `call'
railties (5.0.3) lib/rails/engine.rb:522:in `call'
puma (3.9.1) lib/puma/configuration.rb:224:in `call'
puma (3.9.1) lib/puma/server.rb:602:in `handle_request'
puma (3.9.1) lib/puma/server.rb:435:in `process_client'
puma (3.9.1) lib/puma/server.rb:299:in `block in run'
puma (3.9.1) lib/puma/thread_pool.rb:120:in `block in spawn_thread'
  Rendering /home/danira/.rbenv/versions/2.4.0/lib/ruby/gems/2.4.0/gems/actionpack-5.0.3/lib/action_dispatch/middleware/templates/rescues/routing_error.html.erb within rescues/layout
  Rendering /home/danira/.rbenv/versions/2.4.0/lib/ruby/gems/2.4.0/gems/actionpack-5.0.3/lib/action_dispatch/middleware/templates/rescues/_trace.html.erb
  Rendered /home/danira/.rbenv/versions/2.4.0/lib/ruby/gems/2.4.0/gems/actionpack-5.0.3/lib/action_dispatch/middleware/templates/rescues/_trace.html.erb (1.3ms)
  Rendered collection of /home/danira/.rbenv/versions/2.4.0/lib/ruby/gems/2.4.0/gems/actionpack-5.0.3/lib/action_dispatch/middleware/templates/routes/_route.html.erb [3 times] (1.2ms)
  Rendered /home/danira/.rbenv/versions/2.4.0/lib/ruby/gems/2.4.0/gems/actionpack-5.0.3/lib/action_dispatch/middleware/templates/routes/_table.html.erb (0.7ms)
  Rendering /home/danira/.rbenv/versions/2.4.0/lib/ruby/gems/2.4.0/gems/actionpack-5.0.3/lib/action_dispatch/middleware/templates/rescues/_request_and_response.html.erb
  Rendered /home/danira/.rbenv/versions/2.4.0/lib/ruby/gems/2.4.0/gems/actionpack-5.0.3/lib/action_dispatch/middleware/templates/rescues/_request_and_response.html.erb (0.7ms)
  Rendered /home/danira/.rbenv/versions/2.4.0/lib/ruby/gems/2.4.0/gems/actionpack-5.0.3/lib/action_dispatch/middleware/templates/rescues/routing_error.html.erb within rescues/layout (21.0ms)
Started GET "/catalog" for 127.0.0.1 at 2017-06-27 16:00:48 +0200
  
ActionController::RoutingError (No route matches [GET] "/catalog"):
  
actionpack (5.0.3) lib/action_dispatch/middleware/debug_exceptions.rb:53:in `call'
web-console (3.5.1) lib/web_console/middleware.rb:135:in `call_app'
web-console (3.5.1) lib/web_console/middleware.rb:28:in `block in call'
web-console (3.5.1) lib/web_console/middleware.rb:18:in `catch'
web-console (3.5.1) lib/web_console/middleware.rb:18:in `call'
actionpack (5.0.3) lib/action_dispatch/middleware/show_exceptions.rb:31:in `call'
railties (5.0.3) lib/rails/rack/logger.rb:36:in `call_app'
railties (5.0.3) lib/rails/rack/logger.rb:24:in `block in call'
activesupport (5.0.3) lib/active_support/tagged_logging.rb:69:in `block in tagged'
activesupport (5.0.3) lib/active_support/tagged_logging.rb:26:in `tagged'
activesupport (5.0.3) lib/active_support/tagged_logging.rb:69:in `tagged'
railties (5.0.3) lib/rails/rack/logger.rb:24:in `call'
sprockets-rails (3.2.0) lib/sprockets/rails/quiet_assets.rb:13:in `call'
actionpack (5.0.3) lib/action_dispatch/middleware/request_id.rb:24:in `call'
rack (2.0.3) lib/rack/method_override.rb:22:in `call'
rack (2.0.3) lib/rack/runtime.rb:22:in `call'
activesupport (5.0.3) lib/active_support/cache/strategy/local_cache_middleware.rb:28:in `call'
actionpack (5.0.3) lib/action_dispatch/middleware/executor.rb:12:in `call'
actionpack (5.0.3) lib/action_dispatch/middleware/static.rb:136:in `call'
rack (2.0.3) lib/rack/sendfile.rb:111:in `call'
railties (5.0.3) lib/rails/engine.rb:522:in `call'
puma (3.9.1) lib/puma/configuration.rb:224:in `call'
puma (3.9.1) lib/puma/server.rb:602:in `handle_request'
puma (3.9.1) lib/puma/server.rb:435:in `process_client'
puma (3.9.1) lib/puma/server.rb:299:in `block in run'
puma (3.9.1) lib/puma/thread_pool.rb:120:in `block in spawn_thread'
  Rendering /home/danira/.rbenv/versions/2.4.0/lib/ruby/gems/2.4.0/gems/actionpack-5.0.3/lib/action_dispatch/middleware/templates/rescues/routing_error.html.erb within rescues/layout
  Rendering /home/danira/.rbenv/versions/2.4.0/lib/ruby/gems/2.4.0/gems/actionpack-5.0.3/lib/action_dispatch/middleware/templates/rescues/_trace.html.erb
  Rendered /home/danira/.rbenv/versions/2.4.0/lib/ruby/gems/2.4.0/gems/actionpack-5.0.3/lib/action_dispatch/middleware/templates/rescues/_trace.html.erb (0.9ms)
  Rendered collection of /home/danira/.rbenv/versions/2.4.0/lib/ruby/gems/2.4.0/gems/actionpack-5.0.3/lib/action_dispatch/middleware/templates/routes/_route.html.erb [3 times] (1.7ms)
  Rendered /home/danira/.rbenv/versions/2.4.0/lib/ruby/gems/2.4.0/gems/actionpack-5.0.3/lib/action_dispatch/middleware/templates/routes/_table.html.erb (1.2ms)
  Rendering /home/danira/.rbenv/versions/2.4.0/lib/ruby/gems/2.4.0/gems/actionpack-5.0.3/lib/action_dispatch/middleware/templates/rescues/_request_and_response.html.erb
  Rendered /home/danira/.rbenv/versions/2.4.0/lib/ruby/gems/2.4.0/gems/actionpack-5.0.3/lib/action_dispatch/middleware/templates/rescues/_request_and_response.html.erb (0.7ms)
  Rendered /home/danira/.rbenv/versions/2.4.0/lib/ruby/gems/2.4.0/gems/actionpack-5.0.3/lib/action_dispatch/middleware/templates/rescues/routing_error.html.erb within rescues/layout (22.6ms)
Started GET "/" for 127.0.0.1 at 2017-06-27 16:00:54 +0200
Processing by HomeController#index as HTML
  Rendering home/index.html.erb within layouts/application
  Rendered home/index.html.erb within layouts/application (0.3ms)
  Rendered shared/_header.html.erb (0.4ms)
Completed 200 OK in 12ms (Views: 11.7ms | ActiveRecord: 0.0ms)


Started GET "/products" for 127.0.0.1 at 2017-06-27 16:00:55 +0200
Processing by HomeController#products as HTML
  Rendering home/products.html.erb within layouts/application
  [1m[35m (0.1ms)[0m  [1m[34mSELECT COUNT(*) FROM "products"[0m
  [1m[36mProduct Load (0.1ms)[0m  [1m[34mSELECT "products".* FROM "products"[0m
  Rendered home/products.html.erb within layouts/application (2.1ms)
  Rendered shared/_header.html.erb (0.3ms)
Completed 200 OK in 31ms (Views: 13.5ms | ActiveRecord: 0.5ms)


Started GET "/about" for 127.0.0.1 at 2017-06-27 16:00:56 +0200
Processing by HomeController#about as HTML
  Rendering home/about.html.erb within layouts/application
  Rendered home/about.html.erb within layouts/application (0.4ms)
  Rendered shared/_header.html.erb (0.3ms)
Completed 200 OK in 24ms (Views: 22.5ms | ActiveRecord: 0.0ms)


Started GET "/products" for 127.0.0.1 at 2017-06-27 16:00:57 +0200
Processing by HomeController#products as HTML
  Rendering home/products.html.erb within layouts/application
  [1m[35m (0.5ms)[0m  [1m[34mSELECT COUNT(*) FROM "products"[0m
  [1m[36mProduct Load (0.1ms)[0m  [1m[34mSELECT "products".* FROM "products"[0m
  Rendered home/products.html.erb within layouts/application (2.7ms)
  Rendered shared/_header.html.erb (0.3ms)
Completed 200 OK in 24ms (Views: 21.4ms | ActiveRecord: 0.6ms)


Started GET "/" for 127.0.0.1 at 2017-06-27 16:00:58 +0200
Processing by HomeController#index as HTML
  Rendering home/index.html.erb within layouts/application
  Rendered home/index.html.erb within layouts/application (0.4ms)
  Rendered shared/_header.html.erb (0.4ms)
Completed 200 OK in 17ms (Views: 16.2ms | ActiveRecord: 0.0ms)


Started GET "/products" for 127.0.0.1 at 2017-06-27 16:00:59 +0200
Processing by HomeController#products as HTML
  Rendering home/products.html.erb within layouts/application
  [1m[35m (0.4ms)[0m  [1m[34mSELECT COUNT(*) FROM "products"[0m
  [1m[36mProduct Load (0.1ms)[0m  [1m[34mSELECT "products".* FROM "products"[0m
  Rendered home/products.html.erb within layouts/application (2.2ms)
  Rendered shared/_header.html.erb (0.5ms)
Completed 200 OK in 33ms (Views: 31.7ms | ActiveRecord: 0.5ms)


Started GET "/about" for 127.0.0.1 at 2017-06-27 16:00:59 +0200
Processing by HomeController#about as HTML
  Rendering home/about.html.erb within layouts/application
  Rendered home/about.html.erb within layouts/application (0.4ms)
  Rendered shared/_header.html.erb (0.3ms)
Completed 200 OK in 32ms (Views: 30.7ms | ActiveRecord: 0.0ms)


Started GET "/products" for 127.0.0.1 at 2017-06-27 16:01:00 +0200
Processing by HomeController#products as HTML
  Rendering home/products.html.erb within layouts/application
  [1m[35m (0.1ms)[0m  [1m[34mSELECT COUNT(*) FROM "products"[0m
  [1m[36mProduct Load (0.1ms)[0m  [1m[34mSELECT "products".* FROM "products"[0m
  Rendered home/products.html.erb within layouts/application (2.0ms)
  Rendered shared/_header.html.erb (0.7ms)
Completed 200 OK in 30ms (Views: 28.4ms | ActiveRecord: 0.2ms)


Started GET "/" for 127.0.0.1 at 2017-06-27 16:01:01 +0200
Processing by HomeController#index as HTML
  Rendering home/index.html.erb within layouts/application
  Rendered home/index.html.erb within layouts/application (0.6ms)
  Rendered shared/_header.html.erb (0.3ms)
Completed 200 OK in 23ms (Views: 14.4ms | ActiveRecord: 0.0ms)


Started GET "/products" for 127.0.0.1 at 2017-06-27 16:01:01 +0200
Processing by HomeController#products as HTML
  Rendering home/products.html.erb within layouts/application
  [1m[35m (0.1ms)[0m  [1m[34mSELECT COUNT(*) FROM "products"[0m
  [1m[36mProduct Load (0.1ms)[0m  [1m[34mSELECT "products".* FROM "products"[0m
  Rendered home/products.html.erb within layouts/application (1.4ms)
  Rendered shared/_header.html.erb (0.3ms)
Completed 200 OK in 17ms (Views: 15.9ms | ActiveRecord: 0.2ms)


Started GET "/about" for 127.0.0.1 at 2017-06-27 16:01:02 +0200
Processing by HomeController#about as HTML
  Rendering home/about.html.erb within layouts/application
  Rendered home/about.html.erb within layouts/application (0.4ms)
  Rendered shared/_header.html.erb (0.3ms)
Completed 200 OK in 16ms (Views: 15.2ms | ActiveRecord: 0.0ms)


Started GET "/" for 127.0.0.1 at 2017-06-27 16:01:04 +0200
Processing by HomeController#index as HTML
  Rendering home/index.html.erb within layouts/application
  Rendered home/index.html.erb within layouts/application (0.5ms)
  Rendered shared/_header.html.erb (0.3ms)
Completed 200 OK in 21ms (Views: 19.4ms | ActiveRecord: 0.0ms)


Started GET "/" for 127.0.0.1 at 2017-06-27 16:13:36 +0200
  [1m[36mActiveRecord::SchemaMigration Load (0.1ms)[0m  [1m[34mSELECT "schema_migrations".* FROM "schema_migrations"[0m
Processing by HomeController#index as HTML
  Rendering home/index.html.erb within layouts/application
  Rendered home/index.html.erb within layouts/application (0.8ms)
  Rendered shared/_header.html.erb (0.3ms)
Completed 200 OK in 160ms (Views: 150.8ms | ActiveRecord: 0.0ms)


Started GET "/" for 127.0.0.1 at 2017-06-27 16:26:24 +0200
  [1m[36mActiveRecord::SchemaMigration Load (0.1ms)[0m  [1m[34mSELECT "schema_migrations".* FROM "schema_migrations"[0m
Processing by HomeController#index as HTML
  Rendering home/index.html.erb within layouts/application
  Rendered home/index.html.erb within layouts/application (1.0ms)
  Rendered shared/_header.html.erb (0.7ms)
Completed 200 OK in 156ms (Views: 146.5ms | ActiveRecord: 0.0ms)


Started GET "/products" for 127.0.0.1 at 2017-06-27 16:27:10 +0200
Processing by HomeController#products as HTML
  Rendering home/products.html.erb within layouts/application
  [1m[35m (0.1ms)[0m  [1m[34mSELECT COUNT(*) FROM "products"[0m
  [1m[36mProduct Load (0.1ms)[0m  [1m[34mSELECT "products".* FROM "products"[0m
  Rendered home/products.html.erb within layouts/application (3.7ms)
  Rendered shared/_header.html.erb (0.4ms)
Completed 200 OK in 30ms (Views: 15.1ms | ActiveRecord: 0.9ms)


Started GET "/about" for 127.0.0.1 at 2017-06-27 16:27:11 +0200
Processing by HomeController#about as HTML
  Rendering home/about.html.erb within layouts/application
  Rendered home/about.html.erb within layouts/application (0.4ms)
  Rendered shared/_header.html.erb (0.4ms)
Completed 200 OK in 35ms (Views: 33.7ms | ActiveRecord: 0.0ms)


Started GET "/products" for 127.0.0.1 at 2017-06-27 16:27:12 +0200
Processing by HomeController#products as HTML
  Rendering home/products.html.erb within layouts/application
  [1m[35m (0.1ms)[0m  [1m[34mSELECT COUNT(*) FROM "products"[0m
  [1m[36mProduct Load (0.1ms)[0m  [1m[34mSELECT "products".* FROM "products"[0m
  Rendered home/products.html.erb within layouts/application (1.7ms)
  Rendered shared/_header.html.erb (0.5ms)
Completed 200 OK in 19ms (Views: 17.7ms | ActiveRecord: 0.2ms)


Started GET "/" for 127.0.0.1 at 2017-06-27 16:27:13 +0200
Processing by HomeController#index as HTML
  Rendering home/index.html.erb within layouts/application
  Rendered home/index.html.erb within layouts/application (0.7ms)
  Rendered shared/_header.html.erb (0.3ms)
Completed 200 OK in 19ms (Views: 18.1ms | ActiveRecord: 0.0ms)


Started GET "/about" for 127.0.0.1 at 2017-06-27 16:28:34 +0200
Processing by HomeController#about as HTML
  Rendering home/about.html.erb within layouts/application
  Rendered home/about.html.erb within layouts/application (0.4ms)
  Rendered shared/_header.html.erb (1.3ms)
Completed 200 OK in 24ms (Views: 23.1ms | ActiveRecord: 0.0ms)


Started GET "/products" for 127.0.0.1 at 2017-06-27 16:28:40 +0200
Processing by HomeController#products as HTML
  Rendering home/products.html.erb within layouts/application
  [1m[35m (0.2ms)[0m  [1m[34mSELECT COUNT(*) FROM "products"[0m
  [1m[36mProduct Load (0.1ms)[0m  [1m[34mSELECT "products".* FROM "products"[0m
  Rendered home/products.html.erb within layouts/application (2.5ms)
  Rendered shared/_header.html.erb (0.3ms)
Completed 200 OK in 33ms (Views: 31.2ms | ActiveRecord: 0.3ms)


Started GET "/about" for 127.0.0.1 at 2017-06-27 16:28:41 +0200
Processing by HomeController#about as HTML
  Rendering home/about.html.erb within layouts/application
  Rendered home/about.html.erb within layouts/application (0.3ms)
  Rendered shared/_header.html.erb (0.3ms)
Completed 200 OK in 31ms (Views: 30.1ms | ActiveRecord: 0.0ms)


Started GET "/" for 127.0.0.1 at 2017-06-27 16:29:08 +0200
Processing by HomeController#index as HTML
  Rendering home/index.html.erb within layouts/application
  Rendered home/index.html.erb within layouts/application (1.0ms)
  Rendered shared/_header.html.erb (0.3ms)
Completed 200 OK in 28ms (Views: 26.1ms | ActiveRecord: 0.0ms)


Started GET "/" for 127.0.0.1 at 2017-06-27 16:29:09 +0200
Processing by HomeController#index as HTML
  Rendering home/index.html.erb within layouts/application
  Rendered home/index.html.erb within layouts/application (1.1ms)
  Rendered shared/_header.html.erb (0.3ms)
Completed 200 OK in 24ms (Views: 23.0ms | ActiveRecord: 0.0ms)


Started GET "/" for 127.0.0.1 at 2017-06-27 16:29:10 +0200
Processing by HomeController#index as HTML
  Rendering home/index.html.erb within layouts/application
  Rendered home/index.html.erb within layouts/application (0.3ms)
  Rendered shared/_header.html.erb (0.3ms)
Completed 200 OK in 15ms (Views: 14.0ms | ActiveRecord: 0.0ms)


Started GET "/about" for 127.0.0.1 at 2017-06-27 16:29:11 +0200
Processing by HomeController#about as HTML
  Rendering home/about.html.erb within layouts/application
  Rendered home/about.html.erb within layouts/application (0.4ms)
  Rendered shared/_header.html.erb (0.6ms)
Completed 200 OK in 18ms (Views: 17.2ms | ActiveRecord: 0.0ms)


Started GET "/about" for 127.0.0.1 at 2017-06-27 16:29:13 +0200
Processing by HomeController#about as HTML
  Rendering home/about.html.erb within layouts/application
  Rendered home/about.html.erb within layouts/application (0.4ms)
  Rendered shared/_header.html.erb (0.3ms)
Completed 200 OK in 15ms (Views: 13.6ms | ActiveRecord: 0.0ms)


Started GET "/" for 127.0.0.1 at 2017-06-27 16:29:25 +0200
Processing by HomeController#index as HTML
  Rendering home/index.html.erb within layouts/application
  Rendered home/index.html.erb within layouts/application (0.4ms)
  Rendered shared/_header.html.erb (0.5ms)
Completed 200 OK in 20ms (Views: 19.2ms | ActiveRecord: 0.0ms)


Started GET "/about" for 127.0.0.1 at 2017-06-27 16:29:26 +0200
Processing by HomeController#about as HTML
  Rendering home/about.html.erb within layouts/application
  Rendered home/about.html.erb within layouts/application (0.4ms)
  Rendered shared/_header.html.erb (0.4ms)
Completed 200 OK in 23ms (Views: 22.2ms | ActiveRecord: 0.0ms)


Started GET "/" for 127.0.0.1 at 2017-06-27 16:29:28 +0200
Processing by HomeController#index as HTML
  Rendering home/index.html.erb within layouts/application
  Rendered home/index.html.erb within layouts/application (0.4ms)
  Rendered shared/_header.html.erb (0.3ms)
Completed 200 OK in 22ms (Views: 21.3ms | ActiveRecord: 0.0ms)


Started GET "/" for 127.0.0.1 at 2017-06-27 16:32:36 +0200
Processing by HomeController#index as HTML
  Rendering home/index.html.erb within layouts/application
  Rendered home/index.html.erb within layouts/application (0.3ms)
  Rendered shared/_header.html.erb (0.4ms)
Completed 200 OK in 14ms (Views: 13.0ms | ActiveRecord: 0.0ms)


Started GET "/" for 127.0.0.1 at 2017-06-27 16:34:05 +0200
Processing by HomeController#index as HTML
  Rendering home/index.html.erb within layouts/application
  Rendered home/index.html.erb within layouts/application (0.3ms)
  Rendered shared/_header.html.erb (0.3ms)
Completed 200 OK in 12ms (Views: 10.8ms | ActiveRecord: 0.0ms)


Started GET "/about" for 127.0.0.1 at 2017-06-27 16:34:07 +0200
Processing by HomeController#about as HTML
  Rendering home/about.html.erb within layouts/application
  Rendered home/about.html.erb within layouts/application (0.4ms)
  Rendered shared/_header.html.erb (0.3ms)
Completed 200 OK in 19ms (Views: 18.1ms | ActiveRecord: 0.0ms)


Started GET "/" for 127.0.0.1 at 2017-06-27 16:34:15 +0200
Processing by HomeController#index as HTML
  Rendering home/index.html.erb within layouts/application
  Rendered home/index.html.erb within layouts/application (0.4ms)
  Rendered shared/_header.html.erb (0.5ms)
Completed 200 OK in 17ms (Views: 15.6ms | ActiveRecord: 0.0ms)


Started GET "/about" for 127.0.0.1 at 2017-06-27 16:35:32 +0200
Processing by HomeController#about as HTML
  Rendering home/about.html.erb within layouts/application
  Rendered home/about.html.erb within layouts/application (0.4ms)
  Rendered shared/_header.html.erb (0.4ms)
Completed 200 OK in 19ms (Views: 18.2ms | ActiveRecord: 0.0ms)


Started GET "/about" for 127.0.0.1 at 2017-06-27 16:35:34 +0200
Processing by HomeController#about as HTML
  Rendering home/about.html.erb within layouts/application
  Rendered home/about.html.erb within layouts/application (0.3ms)
  Rendered shared/_header.html.erb (0.3ms)
Completed 200 OK in 19ms (Views: 18.6ms | ActiveRecord: 0.0ms)


Started GET "/about" for 127.0.0.1 at 2017-06-27 16:35:52 +0200
Processing by HomeController#about as HTML
  Rendering home/about.html.erb within layouts/application
  Rendered home/about.html.erb within layouts/application (0.2ms)
  Rendered shared/_header.html.erb (0.3ms)
Completed 200 OK in 13ms (Views: 12.7ms | ActiveRecord: 0.0ms)


Started GET "/about" for 127.0.0.1 at 2017-06-27 16:36:37 +0200
Processing by HomeController#about as HTML
  Rendering home/about.html.erb within layouts/application
  Rendered home/about.html.erb within layouts/application (0.5ms)
  Rendered shared/_header.html.erb (0.3ms)
Completed 200 OK in 13ms (Views: 12.6ms | ActiveRecord: 0.0ms)


Started GET "/" for 127.0.0.1 at 2017-06-27 16:36:43 +0200
Processing by HomeController#index as HTML
  Rendering home/index.html.erb within layouts/application
  Rendered home/index.html.erb within layouts/application (0.4ms)
  Rendered shared/_header.html.erb (0.4ms)
Completed 200 OK in 18ms (Views: 17.4ms | ActiveRecord: 0.0ms)


Started GET "/" for 127.0.0.1 at 2017-06-27 16:37:13 +0200
Processing by HomeController#index as HTML
  Rendering home/index.html.erb within layouts/application
  Rendered home/index.html.erb within layouts/application (0.3ms)
  Rendered shared/_header.html.erb (0.3ms)
Completed 200 OK in 14ms (Views: 13.3ms | ActiveRecord: 0.0ms)


Started GET "/products" for 127.0.0.1 at 2017-06-27 16:37:41 +0200
Processing by HomeController#products as HTML
  Rendering home/products.html.erb within layouts/application
  [1m[35m (0.1ms)[0m  [1m[34mSELECT COUNT(*) FROM "products"[0m
  [1m[36mProduct Load (0.2ms)[0m  [1m[34mSELECT "products".* FROM "products"[0m
  Rendered home/products.html.erb within layouts/application (1.8ms)
  Rendered shared/_header.html.erb (0.3ms)
Completed 200 OK in 20ms (Views: 19.2ms | ActiveRecord: 0.3ms)


Started GET "/about" for 127.0.0.1 at 2017-06-27 16:37:42 +0200
Processing by HomeController#about as HTML
  Rendering home/about.html.erb within layouts/application
  Rendered home/about.html.erb within layouts/application (0.3ms)
  Rendered shared/_header.html.erb (0.3ms)
Completed 200 OK in 19ms (Views: 18.0ms | ActiveRecord: 0.0ms)


Started GET "/" for 127.0.0.1 at 2017-06-27 16:37:43 +0200
Processing by HomeController#index as HTML
  Rendering home/index.html.erb within layouts/application
  Rendered home/index.html.erb within layouts/application (0.4ms)
  Rendered shared/_header.html.erb (0.3ms)
Completed 200 OK in 16ms (Views: 15.3ms | ActiveRecord: 0.0ms)


Started GET "/" for 127.0.0.1 at 2017-06-27 16:40:49 +0200
Processing by HomeController#index as HTML
  Rendering home/index.html.erb within layouts/application
  Rendered home/index.html.erb within layouts/application (0.3ms)
  Rendered shared/_header.html.erb (0.3ms)
Completed 200 OK in 11ms (Views: 10.5ms | ActiveRecord: 0.0ms)


Started GET "/" for 127.0.0.1 at 2017-06-27 16:41:05 +0200
Processing by HomeController#index as HTML
  Rendering home/index.html.erb within layouts/application
  Rendered home/index.html.erb within layouts/application (0.7ms)
  Rendered shared/_header.html.erb (0.3ms)
Completed 200 OK in 14ms (Views: 13.1ms | ActiveRecord: 0.0ms)


Started GET "/" for 127.0.0.1 at 2017-06-27 16:41:06 +0200
Processing by HomeController#index as HTML
  Rendering home/index.html.erb within layouts/application
  Rendered home/index.html.erb within layouts/application (0.2ms)
  Rendered shared/_header.html.erb (0.3ms)
Completed 200 OK in 13ms (Views: 12.9ms | ActiveRecord: 0.0ms)


Started GET "/" for 127.0.0.1 at 2017-06-27 16:41:14 +0200
Processing by HomeController#index as HTML
  Rendering home/index.html.erb within layouts/application
  Rendered home/index.html.erb within layouts/application (0.3ms)
  Rendered shared/_header.html.erb (0.3ms)
Completed 200 OK in 13ms (Views: 11.9ms | ActiveRecord: 0.0ms)


Started GET "/" for 127.0.0.1 at 2017-06-27 16:41:16 +0200
Processing by HomeController#index as HTML
  Rendering home/index.html.erb within layouts/application
  Rendered home/index.html.erb within layouts/application (0.3ms)
  Rendered shared/_header.html.erb (0.3ms)
Completed 200 OK in 12ms (Views: 11.4ms | ActiveRecord: 0.0ms)


Started GET "/" for 127.0.0.1 at 2017-06-27 16:41:29 +0200
Processing by HomeController#index as HTML
  Rendering home/index.html.erb within layouts/application
  Rendered home/index.html.erb within layouts/application (0.3ms)
  Rendered shared/_header.html.erb (0.3ms)
Completed 200 OK in 18ms (Views: 16.7ms | ActiveRecord: 0.0ms)


Started GET "/" for 127.0.0.1 at 2017-06-27 16:43:58 +0200
  [1m[36mActiveRecord::SchemaMigration Load (0.1ms)[0m  [1m[34mSELECT "schema_migrations".* FROM "schema_migrations"[0m
Processing by HomeController#index as HTML
  Rendering home/index.html.erb within layouts/application
  Rendered home/index.html.erb within layouts/application (0.9ms)
  Rendered shared/_header.html.erb (0.3ms)
Completed 200 OK in 228ms (Views: 220.3ms | ActiveRecord: 0.0ms)


Started GET "/products" for 127.0.0.1 at 2017-06-27 16:44:00 +0200
Processing by HomeController#products as HTML
  Rendering home/products.html.erb within layouts/application
  [1m[35m (0.1ms)[0m  [1m[34mSELECT COUNT(*) FROM "products"[0m
  [1m[36mProduct Load (0.1ms)[0m  [1m[34mSELECT "products".* FROM "products"[0m
  Rendered home/products.html.erb within layouts/application (1.8ms)
  Rendered shared/_header.html.erb (0.3ms)
Completed 200 OK in 43ms (Views: 14.5ms | ActiveRecord: 0.3ms)


Started GET "/about" for 127.0.0.1 at 2017-06-27 16:44:01 +0200
Processing by HomeController#about as HTML
  Rendering home/about.html.erb within layouts/application
  Rendered home/about.html.erb within layouts/application (0.5ms)
  Rendered shared/_header.html.erb (0.4ms)
Completed 200 OK in 19ms (Views: 18.3ms | ActiveRecord: 0.0ms)


Started GET "/" for 127.0.0.1 at 2017-06-27 16:44:03 +0200
Processing by HomeController#index as HTML
  Rendering home/index.html.erb within layouts/application
  Rendered home/index.html.erb within layouts/application (0.5ms)
  Rendered shared/_header.html.erb (0.3ms)
Completed 200 OK in 31ms (Views: 29.7ms | ActiveRecord: 0.0ms)


Started GET "/products" for 127.0.0.1 at 2017-06-27 16:44:05 +0200
Processing by HomeController#products as HTML
  Rendering home/products.html.erb within layouts/application
  [1m[35m (0.2ms)[0m  [1m[34mSELECT COUNT(*) FROM "products"[0m
  [1m[36mProduct Load (0.1ms)[0m  [1m[34mSELECT "products".* FROM "products"[0m
  Rendered home/products.html.erb within layouts/application (3.3ms)
  Rendered shared/_header.html.erb (0.3ms)
Completed 200 OK in 32ms (Views: 30.4ms | ActiveRecord: 0.3ms)


Started GET "/products" for 127.0.0.1 at 2017-06-27 16:49:28 +0200
  [1m[36mActiveRecord::SchemaMigration Load (0.2ms)[0m  [1m[34mSELECT "schema_migrations".* FROM "schema_migrations"[0m
Processing by HomeController#products as HTML
  Rendering home/products.html.erb within layouts/application
  [1m[35m (0.1ms)[0m  [1m[34mSELECT COUNT(*) FROM "products"[0m
  [1m[36mProduct Load (0.1ms)[0m  [1m[34mSELECT "products".* FROM "products"[0m
  Rendered home/products.html.erb within layouts/application (3.7ms)
  Rendered shared/_header.html.erb (0.8ms)
Completed 200 OK in 171ms (Views: 153.4ms | ActiveRecord: 0.4ms)


Started GET "/products" for 127.0.0.1 at 2017-06-27 16:49:29 +0200
Processing by HomeController#products as HTML
  Rendering home/products.html.erb within layouts/application
  [1m[35m (0.3ms)[0m  [1m[34mSELECT COUNT(*) FROM "products"[0m
  [1m[36mProduct Load (0.1ms)[0m  [1m[34mSELECT "products".* FROM "products"[0m
  Rendered home/products.html.erb within layouts/application (1.9ms)
  Rendered shared/_header.html.erb (0.7ms)
Completed 200 OK in 38ms (Views: 37.1ms | ActiveRecord: 0.4ms)


Started GET "/about" for 127.0.0.1 at 2017-06-27 16:49:30 +0200
Processing by HomeController#about as HTML
  Rendering home/about.html.erb within layouts/application
  Rendered home/about.html.erb within layouts/application (0.3ms)
  Rendered shared/_header.html.erb (0.8ms)
Completed 200 OK in 18ms (Views: 17.4ms | ActiveRecord: 0.0ms)


Started GET "/" for 127.0.0.1 at 2017-06-27 16:49:31 +0200
Processing by HomeController#index as HTML
  Rendering home/index.html.erb within layouts/application
  Rendered home/index.html.erb within layouts/application (0.4ms)
  Rendered shared/_header.html.erb (0.8ms)
Completed 200 OK in 22ms (Views: 20.7ms | ActiveRecord: 0.0ms)


Started GET "/about" for 127.0.0.1 at 2017-06-27 16:49:32 +0200
Processing by HomeController#about as HTML
  Rendering home/about.html.erb within layouts/application
  Rendered home/about.html.erb within layouts/application (0.3ms)
  Rendered shared/_header.html.erb (0.9ms)
Completed 200 OK in 33ms (Views: 32.1ms | ActiveRecord: 0.0ms)


Started GET "/products" for 127.0.0.1 at 2017-06-27 16:49:33 +0200
Processing by HomeController#products as HTML
  Rendering home/products.html.erb within layouts/application
  [1m[35m (0.1ms)[0m  [1m[34mSELECT COUNT(*) FROM "products"[0m
  [1m[36mProduct Load (0.1ms)[0m  [1m[34mSELECT "products".* FROM "products"[0m
  Rendered home/products.html.erb within layouts/application (2.4ms)
  Rendered shared/_header.html.erb (1.1ms)
Completed 200 OK in 33ms (Views: 31.3ms | ActiveRecord: 0.3ms)


Started GET "/" for 127.0.0.1 at 2017-06-27 16:49:34 +0200
Processing by HomeController#index as HTML
  Rendering home/index.html.erb within layouts/application
  Rendered home/index.html.erb within layouts/application (7.2ms)
  Rendered shared/_header.html.erb (0.7ms)
Completed 200 OK in 40ms (Views: 38.5ms | ActiveRecord: 0.0ms)


